<?xml version="1.0" encoding="UTF-8"?>
<testsuite name="tacobell.HomeControllerTest" tests="1" skipped="0" failures="0" errors="0" timestamp="2019-05-29T09:47:16" hostname="Mac-mini-Mediasoft.local" time="1.307">
  <properties/>
  <testcase name="getHello" classname="tacobell.HomeControllerTest" time="1.307"/>
  <system-out><![CDATA[13:46:57.414 [Test worker] DEBUG org.springframework.test.context.junit4.SpringJUnit4ClassRunner - SpringJUnit4ClassRunner constructor called with [class tacobell.HomeControllerTest]
13:46:57.433 [Test worker] DEBUG org.springframework.test.context.BootstrapUtils - Instantiating CacheAwareContextLoaderDelegate from class [org.springframework.test.context.cache.DefaultCacheAwareContextLoaderDelegate]
13:46:57.447 [Test worker] DEBUG org.springframework.test.context.BootstrapUtils - Instantiating BootstrapContext using constructor [public org.springframework.test.context.support.DefaultBootstrapContext(java.lang.Class,org.springframework.test.context.CacheAwareContextLoaderDelegate)]
13:46:57.536 [Test worker] DEBUG org.springframework.test.context.BootstrapUtils - Instantiating TestContextBootstrapper for test class [tacobell.HomeControllerTest] from class [org.springframework.boot.test.context.SpringBootTestContextBootstrapper]
13:46:57.569 [Test worker] INFO org.springframework.boot.test.context.SpringBootTestContextBootstrapper - Neither @ContextConfiguration nor @ContextHierarchy found for test class [tacobell.HomeControllerTest], using SpringBootContextLoader
13:46:57.575 [Test worker] DEBUG org.springframework.test.context.support.AbstractContextLoader - Did not detect default resource location for test class [tacobell.HomeControllerTest]: class path resource [tacobell/HomeControllerTest-context.xml] does not exist
13:46:57.576 [Test worker] DEBUG org.springframework.test.context.support.AbstractContextLoader - Did not detect default resource location for test class [tacobell.HomeControllerTest]: class path resource [tacobell/HomeControllerTestContext.groovy] does not exist
13:46:57.577 [Test worker] INFO org.springframework.test.context.support.AbstractContextLoader - Could not detect default resource locations for test class [tacobell.HomeControllerTest]: no resource found for suffixes {-context.xml, Context.groovy}.
13:46:57.579 [Test worker] INFO org.springframework.test.context.support.AnnotationConfigContextLoaderUtils - Could not detect default configuration classes for test class [tacobell.HomeControllerTest]: HomeControllerTest does not declare any static, non-private, non-final, nested classes annotated with @Configuration.
13:46:57.723 [Test worker] DEBUG org.springframework.test.context.support.ActiveProfilesUtils - Could not find an 'annotation declaring class' for annotation type [org.springframework.test.context.ActiveProfiles] and class [tacobell.HomeControllerTest]
13:46:57.842 [Test worker] DEBUG org.springframework.context.annotation.ClassPathScanningCandidateComponentProvider - Identified candidate component class: file [/Users/mediasoft/IdeaProjects/DBproject/build/classes/java/main/tacobell/Application.class]
13:46:57.853 [Test worker] INFO org.springframework.boot.test.context.SpringBootTestContextBootstrapper - Found @SpringBootConfiguration tacobell.Application for test class tacobell.HomeControllerTest
13:46:58.023 [Test worker] DEBUG org.springframework.boot.test.context.SpringBootTestContextBootstrapper - @TestExecutionListeners is not present for class [tacobell.HomeControllerTest]: using defaults.
13:46:58.024 [Test worker] INFO org.springframework.boot.test.context.SpringBootTestContextBootstrapper - Loaded default TestExecutionListener class names from location [META-INF/spring.factories]: [org.springframework.boot.test.autoconfigure.restdocs.RestDocsTestExecutionListener, org.springframework.boot.test.autoconfigure.web.client.MockRestServiceServerResetTestExecutionListener, org.springframework.boot.test.autoconfigure.web.servlet.MockMvcPrintOnlyOnFailureTestExecutionListener, org.springframework.boot.test.autoconfigure.web.servlet.WebDriverTestExecutionListener, org.springframework.boot.test.mock.mockito.MockitoTestExecutionListener, org.springframework.boot.test.mock.mockito.ResetMocksTestExecutionListener, org.springframework.test.context.web.ServletTestExecutionListener, org.springframework.test.context.support.DirtiesContextBeforeModesTestExecutionListener, org.springframework.test.context.support.DependencyInjectionTestExecutionListener, org.springframework.test.context.support.DirtiesContextTestExecutionListener, org.springframework.test.context.transaction.TransactionalTestExecutionListener, org.springframework.test.context.jdbc.SqlScriptsTestExecutionListener]
13:46:58.068 [Test worker] INFO org.springframework.boot.test.context.SpringBootTestContextBootstrapper - Using TestExecutionListeners: [org.springframework.test.context.web.ServletTestExecutionListener@4930ec59, org.springframework.test.context.support.DirtiesContextBeforeModesTestExecutionListener@5f3b9b58, org.springframework.boot.test.mock.mockito.MockitoTestExecutionListener@3befd04b, org.springframework.boot.test.autoconfigure.SpringBootDependencyInjectionTestExecutionListener@5a5a2bb6, org.springframework.test.context.support.DirtiesContextTestExecutionListener@14c65680, org.springframework.test.context.transaction.TransactionalTestExecutionListener@17a4fe1b, org.springframework.test.context.jdbc.SqlScriptsTestExecutionListener@528c192c, org.springframework.boot.test.autoconfigure.restdocs.RestDocsTestExecutionListener@59008f50, org.springframework.boot.test.autoconfigure.web.client.MockRestServiceServerResetTestExecutionListener@7fd4b0a6, org.springframework.boot.test.autoconfigure.web.servlet.MockMvcPrintOnlyOnFailureTestExecutionListener@4fb0cd61, org.springframework.boot.test.autoconfigure.web.servlet.WebDriverTestExecutionListener@7dc7f8c2, org.springframework.boot.test.mock.mockito.ResetMocksTestExecutionListener@20608225]
13:46:58.075 [Test worker] DEBUG org.springframework.test.annotation.ProfileValueUtils - Retrieved @ProfileValueSourceConfiguration [null] for test class [tacobell.HomeControllerTest]
13:46:58.076 [Test worker] DEBUG org.springframework.test.annotation.ProfileValueUtils - Retrieved ProfileValueSource type [class org.springframework.test.annotation.SystemProfileValueSource] for class [tacobell.HomeControllerTest]
13:46:58.077 [Test worker] DEBUG org.springframework.test.annotation.ProfileValueUtils - Retrieved @ProfileValueSourceConfiguration [null] for test class [tacobell.HomeControllerTest]
13:46:58.078 [Test worker] DEBUG org.springframework.test.annotation.ProfileValueUtils - Retrieved ProfileValueSource type [class org.springframework.test.annotation.SystemProfileValueSource] for class [tacobell.HomeControllerTest]
13:46:58.086 [Test worker] DEBUG org.springframework.test.context.support.AbstractDirtiesContextTestExecutionListener - Before test class: context [DefaultTestContext@c5c6823 testClass = HomeControllerTest, testInstance = [null], testMethod = [null], testException = [null], mergedContextConfiguration = [WebMergedContextConfiguration@c4f48d6 testClass = HomeControllerTest, locations = '{}', classes = '{class tacobell.Application}', contextInitializerClasses = '[]', activeProfiles = '{}', propertySourceLocations = '{}', propertySourceProperties = '{org.springframework.boot.test.context.SpringBootTestContextBootstrapper=true}', contextCustomizers = set[org.springframework.boot.test.autoconfigure.properties.PropertyMappingContextCustomizer@e7e8512, org.springframework.boot.test.autoconfigure.web.servlet.WebDriverContextCustomizerFactory$Customizer@6dd67eff, [ImportsContextCustomizer@249b7046 key = [org.springframework.boot.test.autoconfigure.web.servlet.MockMvcAutoConfiguration, org.springframework.boot.test.autoconfigure.web.servlet.MockMvcSecurityAutoConfiguration, org.springframework.boot.test.autoconfigure.web.servlet.MockMvcWebClientAutoConfiguration, org.springframework.boot.test.autoconfigure.web.servlet.MockMvcWebDriverAutoConfiguration]], org.springframework.boot.test.context.filter.ExcludeFilterContextCustomizer@2004477b, org.springframework.boot.test.json.DuplicateJsonObjectContextCustomizerFactory$DuplicateJsonObjectContextCustomizer@381bd617, org.springframework.boot.test.mock.mockito.MockitoContextCustomizer@0, org.springframework.boot.test.web.client.TestRestTemplateContextCustomizer@2d5d1750], resourceBasePath = 'src/main/webapp', contextLoader = 'org.springframework.boot.test.context.SpringBootContextLoader', parent = [null]], attributes = map['org.springframework.test.context.web.ServletTestExecutionListener.activateListener' -> true]], class annotated with @DirtiesContext [false] with mode [null].
13:46:58.087 [Test worker] DEBUG org.springframework.test.annotation.ProfileValueUtils - Retrieved @ProfileValueSourceConfiguration [null] for test class [tacobell.HomeControllerTest]
13:46:58.088 [Test worker] DEBUG org.springframework.test.annotation.ProfileValueUtils - Retrieved ProfileValueSource type [class org.springframework.test.annotation.SystemProfileValueSource] for class [tacobell.HomeControllerTest]
13:46:58.116 [Test worker] DEBUG org.springframework.test.context.support.TestPropertySourceUtils - Adding inlined properties to environment: {spring.jmx.enabled=false, org.springframework.boot.test.context.SpringBootTestContextBootstrapper=true, server.port=-1}

  .   ____          _            __ _ _
 /\\ / ___'_ __ _ _(_)_ __  __ _ \ \ \ \
( ( )\___ | '_ | '_| | '_ \/ _` | \ \ \ \
 \\/  ___)| |_)| | | | | || (_| |  ) ) ) )
  '  |____| .__|_| |_|_| |_\__, | / / / /
 =========|_|==============|___/=/_/_/_/
 :: Spring Boot ::        (v2.1.4.RELEASE)

?[31m29-05-2019 13:46:59.453?[0;39m ?[35m[Test worker]?[0;39m ?[34mINFO ?[0;39m tacobell.HomeControllerTest.logStarting - Starting HomeControllerTest on Mac-mini-Mediasoft.local with PID 756 (started by mediasoft in /Users/mediasoft/IdeaProjects/DBproject)
?[31m29-05-2019 13:46:59.462?[0;39m ?[35m[Test worker]?[0;39m ?[34mINFO ?[0;39m tacobell.HomeControllerTest.logStartupProfileInfo - No active profile set, falling back to default profiles: default
?[31m29-05-2019 13:47:02.847?[0;39m ?[35m[Test worker]?[0;39m ?[34mINFO ?[0;39m o.s.d.r.c.RepositoryConfigurationDelegate.registerRepositoriesIn - Bootstrapping Spring Data repositories in DEFAULT mode.
?[31m29-05-2019 13:47:03.089?[0;39m ?[35m[Test worker]?[0;39m ?[34mINFO ?[0;39m o.s.d.r.c.RepositoryConfigurationDelegate.registerRepositoriesIn - Finished Spring Data repository scanning in 175ms. Found 4 repository interfaces.
?[31m29-05-2019 13:47:04.656?[0;39m ?[35m[Test worker]?[0;39m ?[34mINFO ?[0;39m o.s.c.s.PostProcessorRegistrationDelegate$BeanPostProcessorChecker.postProcessAfterInitialization - Bean 'org.springframework.transaction.annotation.ProxyTransactionManagementConfiguration' of type [org.springframework.transaction.annotation.ProxyTransactionManagementConfiguration$$EnhancerBySpringCGLIB$$ad4b69a2] is not eligible for getting processed by all BeanPostProcessors (for example: not eligible for auto-proxying)
?[31m29-05-2019 13:47:05.223?[0;39m ?[35m[Test worker]?[0;39m ?[34mINFO ?[0;39m com.zaxxer.hikari.HikariDataSource.getConnection - HikariPool-1 - Starting...
?[31m29-05-2019 13:47:05.375?[0;39m ?[35m[Test worker]?[0;39m ?[34mINFO ?[0;39m com.zaxxer.hikari.pool.PoolBase.getAndSetNetworkTimeout - HikariPool-1 - Driver does not support get/set network timeout for connections. (org.h2.jdbc.JdbcConnection.getNetworkTimeout()I)
?[31m29-05-2019 13:47:05.391?[0;39m ?[35m[Test worker]?[0;39m ?[34mINFO ?[0;39m com.zaxxer.hikari.HikariDataSource.getConnection - HikariPool-1 - Start completed.
?[31m29-05-2019 13:47:05.563?[0;39m ?[35m[Test worker]?[0;39m ?[34mINFO ?[0;39m o.h.jpa.internal.util.LogHelper.logPersistenceUnitInformation - HHH000204: Processing PersistenceUnitInfo [
	name: default
	...]
?[31m29-05-2019 13:47:05.689?[0;39m ?[35m[Test worker]?[0;39m ?[34mINFO ?[0;39m org.hibernate.Version.logVersion - HHH000412: Hibernate Core {5.3.9.Final}
?[31m29-05-2019 13:47:05.693?[0;39m ?[35m[Test worker]?[0;39m ?[34mINFO ?[0;39m org.hibernate.cfg.Environment.<clinit> - HHH000206: hibernate.properties not found
?[31m29-05-2019 13:47:05.947?[0;39m ?[35m[Test worker]?[0;39m ?[34mINFO ?[0;39m o.h.annotations.common.Version.<clinit> - HCANN000001: Hibernate Commons Annotations {5.0.4.Final}
?[31m29-05-2019 13:47:06.281?[0;39m ?[35m[Test worker]?[0;39m ?[34mINFO ?[0;39m org.hibernate.dialect.Dialect.<init> - HHH000400: Using dialect: org.hibernate.dialect.H2Dialect
?[31m29-05-2019 13:47:06.359?[0;39m ?[35m[Test worker]?[0;39m ?[34mINFO ?[0;39m o.h.e.j.e.i.LobCreatorBuilderImpl.useContextualLobCreation - HHH000423: Disabling contextual LOB creation as JDBC driver reported JDBC version [3] less than 4
Hibernate: drop table ingredient if exists
Hibernate: drop table taco if exists
Hibernate: drop table taco_ingredients if exists
Hibernate: drop table taco_order if exists
Hibernate: drop table taco_order_tacos if exists
Hibernate: drop table user if exists
Hibernate: drop sequence if exists hibernate_sequence
Hibernate: create sequence hibernate_sequence start with 1 increment by 1
Hibernate: create table ingredient (id varchar(255) not null, name varchar(255), type integer, primary key (id))
Hibernate: create table taco (id bigint not null, created_at timestamp, name varchar(255) not null, primary key (id))
Hibernate: create table taco_ingredients (taco_id bigint not null, ingredients_id varchar(255) not null)
Hibernate: create table taco_order (id bigint generated by default as identity, cccvv varchar(255), cc_expiration varchar(255), cc_number varchar(255), city varchar(255), name varchar(255), placed_at timestamp, state varchar(255), street varchar(255), zip varchar(255), user_id bigint, primary key (id))
Hibernate: create table taco_order_tacos (order_id bigint not null, tacos_id bigint not null)
Hibernate: create table user (id bigint not null, city varchar(255), fullname varchar(255), password varchar(255), phone_number varchar(255), state varchar(255), street varchar(255), username varchar(255), zip varchar(255), primary key (id))
Hibernate: alter table taco_ingredients add constraint FK7y679y77n5e75s3ss1v7ff14j foreign key (ingredients_id) references ingredient
Hibernate: alter table taco_ingredients add constraint FK27rycuh3mjaepnba0j6m8xl4q foreign key (taco_id) references taco
Hibernate: alter table taco_order add constraint FK1e7afaasuwdukhtillc612bvg foreign key (user_id) references user
Hibernate: alter table taco_order_tacos add constraint FKfwvqtnjfview9e5f7bfqtd1ns foreign key (tacos_id) references taco
Hibernate: alter table taco_order_tacos add constraint FKcxwvdkndaqmrxcen10vkneexo foreign key (order_id) references taco_order
?[31m29-05-2019 13:47:07.626?[0;39m ?[35m[Test worker]?[0;39m ?[34mINFO ?[0;39m o.h.t.s.internal.SchemaCreatorImpl.applyImportSources - HHH000476: Executing import script 'org.hibernate.tool.schema.internal.exec.ScriptSourceInputNonExistentImpl@4f13bf70'
?[31m29-05-2019 13:47:07.641?[0;39m ?[35m[Test worker]?[0;39m ?[34mINFO ?[0;39m o.s.o.j.LocalContainerEntityManagerFactoryBean.buildNativeEntityManagerFactory - Initialized JPA EntityManagerFactory for persistence unit 'default'
?[31m29-05-2019 13:47:10.430?[0;39m ?[35m[Test worker]?[0;39m ?[31mWARN ?[0;39m o.s.b.a.o.j.JpaBaseConfiguration$JpaWebConfiguration$JpaWebMvcConfiguration.openEntityManagerInViewInterceptor - spring.jpa.open-in-view is enabled by default. Therefore, database queries may be performed during view rendering. Explicitly configure spring.jpa.open-in-view to disable this warning
?[31m29-05-2019 13:47:11.717?[0;39m ?[35m[Test worker]?[0;39m ?[34mINFO ?[0;39m o.s.b.a.e.web.EndpointLinksResolver.<init> - Exposing 2 endpoint(s) beneath base path '/actuator'
?[31m29-05-2019 13:47:12.125?[0;39m ?[35m[Test worker]?[0;39m ?[34mINFO ?[0;39m s.d.s.w.PropertySourcedRequestMappingHandlerMapping.initHandlerMethods - Mapped URL path [/v2/api-docs] onto method [public org.springframework.http.ResponseEntity<springfox.documentation.spring.web.json.Json> springfox.documentation.swagger2.web.Swagger2Controller.getDocumentation(java.lang.String,javax.servlet.http.HttpServletRequest)]
?[31m29-05-2019 13:47:12.707?[0;39m ?[35m[Test worker]?[0;39m ?[34mINFO ?[0;39m o.s.s.web.DefaultSecurityFilterChain.<init> - Creating filter chain: any request, [org.springframework.security.web.context.request.async.WebAsyncManagerIntegrationFilter@1185df90, org.springframework.security.web.context.SecurityContextPersistenceFilter@7e587b4d, org.springframework.security.web.header.HeaderWriterFilter@67c7176a, org.springframework.security.web.csrf.CsrfFilter@1acdcc8f, org.springframework.security.web.authentication.logout.LogoutFilter@73f08e7c, org.springframework.security.web.authentication.UsernamePasswordAuthenticationFilter@a4d75f3, org.springframework.security.web.savedrequest.RequestCacheAwareFilter@6f4baa7c, org.springframework.security.web.servletapi.SecurityContextHolderAwareRequestFilter@2c597f90, org.springframework.security.web.authentication.AnonymousAuthenticationFilter@70baf383, org.springframework.security.web.session.SessionManagementFilter@74755323, org.springframework.security.web.access.ExceptionTranslationFilter@18c33240, org.springframework.security.web.access.intercept.FilterSecurityInterceptor@87998d0]
?[31m29-05-2019 13:47:13.718?[0;39m ?[35m[Test worker]?[0;39m ?[34mINFO ?[0;39m o.s.s.c.ThreadPoolTaskExecutor.initialize - Initializing ExecutorService 'applicationTaskExecutor'
?[31m29-05-2019 13:47:14.190?[0;39m ?[35m[Test worker]?[0;39m ?[34mINFO ?[0;39m o.s.b.a.w.s.WelcomePageHandlerMapping.<init> - Adding welcome page template: index
?[31m29-05-2019 13:47:15.091?[0;39m ?[35m[Test worker]?[0;39m ?[34mINFO ?[0;39m o.s.b.t.m.w.SpringBootMockServletContext.log - Initializing Spring TestDispatcherServlet ''
?[31m29-05-2019 13:47:15.092?[0;39m ?[35m[Test worker]?[0;39m ?[34mINFO ?[0;39m o.s.t.w.s.TestDispatcherServlet.initServletBean - Initializing Servlet ''
?[31m29-05-2019 13:47:15.125?[0;39m ?[35m[Test worker]?[0;39m ?[34mINFO ?[0;39m o.s.t.w.s.TestDispatcherServlet.initServletBean - Completed initialization in 32 ms
?[31m29-05-2019 13:47:15.303?[0;39m ?[35m[Test worker]?[0;39m ?[34mINFO ?[0;39m s.d.s.w.p.DocumentationPluginsBootstrapper.start - Context refreshed
?[31m29-05-2019 13:47:15.352?[0;39m ?[35m[Test worker]?[0;39m ?[34mINFO ?[0;39m s.d.s.w.p.DocumentationPluginsBootstrapper.start - Found 1 custom documentation plugin(s)
?[31m29-05-2019 13:47:15.418?[0;39m ?[35m[Test worker]?[0;39m ?[34mINFO ?[0;39m s.d.s.w.s.ApiListingReferenceScanner.scan - Scanning for api listing references
?[31m29-05-2019 13:47:15.899?[0;39m ?[35m[Test worker]?[0;39m ?[34mINFO ?[0;39m s.d.s.w.r.o.CachingOperationNameGenerator.startingWith - Generating unique operation named: getUsingGET_1
?[31m29-05-2019 13:47:15.953?[0;39m ?[35m[Test worker]?[0;39m ?[34mINFO ?[0;39m tacobell.HomeControllerTest.logStarted - Started HomeControllerTest in 17.816 seconds (JVM running for 20.685)
Let's inspect the beans provided by Spring Boot:
accessorsProvider
api
apiDescriptionLookup
apiDescriptionReader
apiDocumentationScanner
apiListingBuilderPluginRegistry
apiListingReader
apiListingReferenceScanner
apiListingScanner
apiListingScannerPluginRegistry
apiModelBuilder
apiModelPropertyPropertyBuilder
apiModelReader
apiModelTypeNameProvider
apiOperationReader
apiResourceController
application
applicationTaskExecutor
auditEventRepository
auditEventsEndpoint
auditListener
authenticationAuditListener
authenticationEventPublisher
authenticationManagerBuilder
authorizationAuditListener
autowiredWebSecurityConfigurersIgnoreParents
basicErrorController
beanNameHandlerMapping
beanNameViewResolver
beansEndpoint
cachesEndpoint
cachesEndpointWebExtension
cachingModelDependencyProvider
cachingModelPropertiesProvider
cachingModelProvider
cachingOperationNameGenerator
cachingOperationReader
characterEncodingFilter
classLoaderMetrics
classOrApiAnnotationResourceGrouping
conditionsReportEndpoint
configurationPropertiesReportEndpoint
contextInspector
controllerEndpointDiscoverer
controllerEndpointHandlerMapping
controllerExposeExcludePropertyEndpointFilter
conventionErrorViewResolver
createHealthStatusHttpMapper
dataLoader
dataSource
dataSourceInitializedPublisher
dataSourceInitializerPostProcessor
dbController
dbHealthIndicator
defaultModelDependencyProvider
defaultModelProvider
defaultOperationReader
defaultServletHandlerMapping
defaultTagsProvider
defaultTemplateResolver
defaultValidator
defaultViewResolver
defaults
defaultsProviderPluginRegistry
delegatingApplicationListener
descriptionResolver
designTacoController
diskSpaceHealthIndicator
diskSpaceHealthIndicatorProperties
dispatcherServlet
dispatcherServletMappingDescriptionProvider
dispatcherServletRegistration
documentationPluginRegistry
documentationPluginsBootstrapper
documentationPluginsManager
dumpEndpoint
emBeanDefinitionRegistrarPostProcessor
enableGlobalAuthenticationAutowiredConfigurer
encoder
endpointCachingOperationInvokerAdvisor
endpointMediaTypes
endpointOperationParameterMapper
entityManagerFactory
entityManagerFactoryBuilder
envInfoContributor
environmentEndpoint
environmentEndpointWebExtension
error
errorAttributes
errorPageCustomizer
errorPageRegistrarBeanPostProcessor
expandedParameterBuilder
expandedParameterBuilderPluginRegistry
factoryMethodProvider
faviconHandlerMapping
faviconRequestHandler
fieldProvider
fileDescriptorMetrics
filterMappingDescriptionProvider
formContentFilter
greetingController
h2Console
handlerExceptionResolver
healthAggregator
healthCheck
healthEndpoint
healthEndpointWebExtension
healthIndicatorRegistry
healthWebEndpointResponseMapper
heapDumpWebEndpoint
hiddenHttpMethodFilter
hikariPoolDataSourceMetadataProvider
homeController
httpExchangeTracer
httpRequestHandlerAdapter
httpTraceEndpoint
httpTraceFilter
inMemorySwaggerResourcesProvider
infoEndpoint
ingredientByIdConverter
ingredientRepository
initializeAuthenticationProviderBeanManagerConfigurer
initializeUserDetailsBeanManagerConfigurer
jacksonCodecCustomizer
jacksonEnumTypeDeterminer
jacksonGeoModule
jacksonObjectMapper
jacksonObjectMapperBuilder
java8TimeDialect
jdbcTemplate
jmxAnnotationEndpointDiscoverer
jmxIncludeExcludePropertyEndpointFilter
jpaContext
jpaMappingContext
jpaVendorAdapter
jsonComponentModule
jsonSerializer
jvmGcMetrics
jvmMemoryMetrics
jvmThreadMetrics
licenseMapperImpl
localeCharsetMappingsCustomizer
logbackMetrics
loggersEndpoint
loggingCodecCustomizer
management.endpoint.configprops-org.springframework.boot.actuate.autoconfigure.context.properties.ConfigurationPropertiesReportEndpointProperties
management.endpoint.env-org.springframework.boot.actuate.autoconfigure.env.EnvironmentEndpointProperties
management.endpoint.health-org.springframework.boot.actuate.autoconfigure.health.HealthEndpointProperties
management.endpoint.logfile-org.springframework.boot.actuate.autoconfigure.logging.LogFileWebEndpointProperties
management.endpoints.jmx-org.springframework.boot.actuate.autoconfigure.endpoint.jmx.JmxEndpointProperties
management.endpoints.web-org.springframework.boot.actuate.autoconfigure.endpoint.web.WebEndpointProperties
management.endpoints.web.cors-org.springframework.boot.actuate.autoconfigure.endpoint.web.CorsEndpointProperties
management.health.status-org.springframework.boot.actuate.autoconfigure.health.HealthIndicatorProperties
management.info-org.springframework.boot.actuate.autoconfigure.info.InfoContributorProperties
management.metrics-org.springframework.boot.actuate.autoconfigure.metrics.MetricsProperties
management.metrics.export.simple-org.springframework.boot.actuate.autoconfigure.metrics.export.simple.SimpleProperties
management.server-org.springframework.boot.actuate.autoconfigure.web.server.ManagementServerProperties
management.trace.http-org.springframework.boot.actuate.autoconfigure.trace.http.HttpTraceProperties
managementServletContext
mappingJackson2HttpMessageConverter
mappingsEndpoint
mediaTypeReader
messageConverters
meterRegistryPostProcessor
methodResolver
methodValidationPostProcessor
metricsEndpoint
metricsHttpClientUriTagFilter
metricsHttpServerUriTagFilter
metricsRestTemplateCustomizer
metricsWebMvcConfigurer
micrometerClock
mockMvc
mockMvcBuilder
modelAttributeParameterExpander
modelBuilderPluginRegistry
modelMapperImpl
modelPropertyBuilderPluginRegistry
multipartConfigElement
multipartResolver
mvcContentNegotiationManager
mvcConversionService
mvcHandlerMappingIntrospector
mvcPathMatcher
mvcResourceUrlProvider
mvcUriComponentsContributor
mvcUrlPathHelper
mvcValidator
mvcViewResolver
namedParameterJdbcTemplate
objectMapperBeanPropertyNamingStrategy
objectMapperConfigurer
objectPostProcessor
openEntityManagerInViewInterceptor
operationAuthReader
operationBuilderPluginRegistry
operationDeprecatedReader
operationHiddenReader
operationHttpMethodReader
operationImplicitParameterReader
operationImplicitParametersReader
operationModelsProvider
operationModelsProviderPluginRegistry
operationNicknameIntoUniqueIdReader
operationNotesReader
operationParameterHeadersConditionReader
operationParameterReader
operationParameterRequestConditionReader
operationPathDecorator
operationPositionReader
operationResponseClassReader
operationSummaryReader
operationTagsReader
optimized
orderController
orderProps
orderRepository
org.springframework.aop.config.internalAutoProxyCreator
org.springframework.boot.actuate.autoconfigure.audit.AuditAutoConfiguration
org.springframework.boot.actuate.autoconfigure.audit.AuditAutoConfiguration$AuditEventRepositoryConfiguration
org.springframework.boot.actuate.autoconfigure.audit.AuditEventsEndpointAutoConfiguration
org.springframework.boot.actuate.autoconfigure.beans.BeansEndpointAutoConfiguration
org.springframework.boot.actuate.autoconfigure.cache.CachesEndpointAutoConfiguration
org.springframework.boot.actuate.autoconfigure.condition.ConditionsReportEndpointAutoConfiguration
org.springframework.boot.actuate.autoconfigure.context.ShutdownEndpointAutoConfiguration
org.springframework.boot.actuate.autoconfigure.context.properties.ConfigurationPropertiesReportEndpointAutoConfiguration
org.springframework.boot.actuate.autoconfigure.endpoint.EndpointAutoConfiguration
org.springframework.boot.actuate.autoconfigure.endpoint.jmx.JmxEndpointAutoConfiguration
org.springframework.boot.actuate.autoconfigure.endpoint.web.ServletEndpointManagementContextConfiguration
org.springframework.boot.actuate.autoconfigure.endpoint.web.ServletEndpointManagementContextConfiguration$WebMvcServletEndpointManagementContextConfiguration
org.springframework.boot.actuate.autoconfigure.endpoint.web.WebEndpointAutoConfiguration
org.springframework.boot.actuate.autoconfigure.endpoint.web.WebEndpointAutoConfiguration$WebEndpointServletConfiguration
org.springframework.boot.actuate.autoconfigure.endpoint.web.servlet.WebMvcEndpointManagementContextConfiguration
org.springframework.boot.actuate.autoconfigure.env.EnvironmentEndpointAutoConfiguration
org.springframework.boot.actuate.autoconfigure.health.HealthEndpointAutoConfiguration
org.springframework.boot.actuate.autoconfigure.health.HealthEndpointConfiguration
org.springframework.boot.actuate.autoconfigure.health.HealthEndpointWebExtensionConfiguration
org.springframework.boot.actuate.autoconfigure.health.HealthEndpointWebExtensionConfiguration$ServletWebHealthConfiguration
org.springframework.boot.actuate.autoconfigure.health.HealthIndicatorAutoConfiguration
org.springframework.boot.actuate.autoconfigure.info.InfoContributorAutoConfiguration
org.springframework.boot.actuate.autoconfigure.info.InfoEndpointAutoConfiguration
org.springframework.boot.actuate.autoconfigure.jdbc.DataSourceHealthIndicatorAutoConfiguration
org.springframework.boot.actuate.autoconfigure.logging.LogFileWebEndpointAutoConfiguration
org.springframework.boot.actuate.autoconfigure.logging.LoggersEndpointAutoConfiguration
org.springframework.boot.actuate.autoconfigure.management.HeapDumpWebEndpointAutoConfiguration
org.springframework.boot.actuate.autoconfigure.management.ThreadDumpEndpointAutoConfiguration
org.springframework.boot.actuate.autoconfigure.metrics.CompositeMeterRegistryAutoConfiguration
org.springframework.boot.actuate.autoconfigure.metrics.JvmMetricsAutoConfiguration
org.springframework.boot.actuate.autoconfigure.metrics.LogbackMetricsAutoConfiguration
org.springframework.boot.actuate.autoconfigure.metrics.MetricsAutoConfiguration
org.springframework.boot.actuate.autoconfigure.metrics.MetricsEndpointAutoConfiguration
org.springframework.boot.actuate.autoconfigure.metrics.SystemMetricsAutoConfiguration
org.springframework.boot.actuate.autoconfigure.metrics.export.simple.SimpleMetricsExportAutoConfiguration
org.springframework.boot.actuate.autoconfigure.metrics.jdbc.DataSourcePoolMetricsAutoConfiguration
org.springframework.boot.actuate.autoconfigure.metrics.jdbc.DataSourcePoolMetricsAutoConfiguration$DataSourcePoolMetadataMetricsConfiguration
org.springframework.boot.actuate.autoconfigure.metrics.jdbc.DataSourcePoolMetricsAutoConfiguration$HikariDataSourceMetricsConfiguration
org.springframework.boot.actuate.autoconfigure.metrics.orm.jpa.HibernateMetricsAutoConfiguration
org.springframework.boot.actuate.autoconfigure.metrics.web.client.HttpClientMetricsAutoConfiguration
org.springframework.boot.actuate.autoconfigure.metrics.web.client.RestTemplateMetricsConfiguration
org.springframework.boot.actuate.autoconfigure.metrics.web.servlet.WebMvcMetricsAutoConfiguration
org.springframework.boot.actuate.autoconfigure.metrics.web.tomcat.TomcatMetricsAutoConfiguration
org.springframework.boot.actuate.autoconfigure.scheduling.ScheduledTasksEndpointAutoConfiguration
org.springframework.boot.actuate.autoconfigure.system.DiskSpaceHealthIndicatorAutoConfiguration
org.springframework.boot.actuate.autoconfigure.trace.http.HttpTraceAutoConfiguration
org.springframework.boot.actuate.autoconfigure.trace.http.HttpTraceAutoConfiguration$ServletTraceFilterConfiguration
org.springframework.boot.actuate.autoconfigure.trace.http.HttpTraceEndpointAutoConfiguration
org.springframework.boot.actuate.autoconfigure.web.mappings.MappingsEndpointAutoConfiguration
org.springframework.boot.actuate.autoconfigure.web.mappings.MappingsEndpointAutoConfiguration$ServletWebConfiguration
org.springframework.boot.actuate.autoconfigure.web.mappings.MappingsEndpointAutoConfiguration$ServletWebConfiguration$SpringMvcConfiguration
org.springframework.boot.actuate.autoconfigure.web.server.ManagementContextAutoConfiguration
org.springframework.boot.actuate.autoconfigure.web.server.ManagementContextAutoConfiguration$SameManagementContextConfiguration
org.springframework.boot.actuate.autoconfigure.web.server.ManagementContextAutoConfiguration$SameManagementContextConfiguration$EnableSameManagementContextConfiguration
org.springframework.boot.actuate.autoconfigure.web.servlet.ServletManagementContextAutoConfiguration
org.springframework.boot.autoconfigure.AutoConfigurationPackages
org.springframework.boot.autoconfigure.aop.AopAutoConfiguration
org.springframework.boot.autoconfigure.aop.AopAutoConfiguration$CglibAutoProxyConfiguration
org.springframework.boot.autoconfigure.condition.BeanTypeRegistry
org.springframework.boot.autoconfigure.context.ConfigurationPropertiesAutoConfiguration
org.springframework.boot.autoconfigure.context.PropertyPlaceholderAutoConfiguration
org.springframework.boot.autoconfigure.dao.PersistenceExceptionTranslationAutoConfiguration
org.springframework.boot.autoconfigure.data.jpa.JpaRepositoriesAutoConfiguration
org.springframework.boot.autoconfigure.data.web.SpringDataWebAutoConfiguration
org.springframework.boot.autoconfigure.h2.H2ConsoleAutoConfiguration
org.springframework.boot.autoconfigure.http.HttpMessageConvertersAutoConfiguration
org.springframework.boot.autoconfigure.http.HttpMessageConvertersAutoConfiguration$StringHttpMessageConverterConfiguration
org.springframework.boot.autoconfigure.http.JacksonHttpMessageConvertersConfiguration
org.springframework.boot.autoconfigure.http.JacksonHttpMessageConvertersConfiguration$MappingJackson2HttpMessageConverterConfiguration
org.springframework.boot.autoconfigure.http.codec.CodecsAutoConfiguration
org.springframework.boot.autoconfigure.http.codec.CodecsAutoConfiguration$JacksonCodecConfiguration
org.springframework.boot.autoconfigure.http.codec.CodecsAutoConfiguration$LoggingCodecConfiguration
org.springframework.boot.autoconfigure.info.ProjectInfoAutoConfiguration
org.springframework.boot.autoconfigure.internalCachingMetadataReaderFactory
org.springframework.boot.autoconfigure.jackson.JacksonAutoConfiguration
org.springframework.boot.autoconfigure.jackson.JacksonAutoConfiguration$Jackson2ObjectMapperBuilderCustomizerConfiguration
org.springframework.boot.autoconfigure.jackson.JacksonAutoConfiguration$JacksonObjectMapperBuilderConfiguration
org.springframework.boot.autoconfigure.jackson.JacksonAutoConfiguration$JacksonObjectMapperConfiguration
org.springframework.boot.autoconfigure.jackson.JacksonAutoConfiguration$ParameterNamesModuleConfiguration
org.springframework.boot.autoconfigure.jdbc.DataSourceAutoConfiguration
org.springframework.boot.autoconfigure.jdbc.DataSourceAutoConfiguration$PooledDataSourceConfiguration
org.springframework.boot.autoconfigure.jdbc.DataSourceConfiguration$Hikari
org.springframework.boot.autoconfigure.jdbc.DataSourceInitializationConfiguration
org.springframework.boot.autoconfigure.jdbc.DataSourceInitializerInvoker
org.springframework.boot.autoconfigure.jdbc.DataSourceTransactionManagerAutoConfiguration
org.springframework.boot.autoconfigure.jdbc.DataSourceTransactionManagerAutoConfiguration$DataSourceTransactionManagerConfiguration
org.springframework.boot.autoconfigure.jdbc.JdbcTemplateAutoConfiguration
org.springframework.boot.autoconfigure.jdbc.JdbcTemplateAutoConfiguration$JdbcTemplateConfiguration
org.springframework.boot.autoconfigure.jdbc.JdbcTemplateAutoConfiguration$NamedParameterJdbcTemplateConfiguration
org.springframework.boot.autoconfigure.jdbc.metadata.DataSourcePoolMetadataProvidersConfiguration
org.springframework.boot.autoconfigure.jdbc.metadata.DataSourcePoolMetadataProvidersConfiguration$HikariPoolDataSourceMetadataProviderConfiguration
org.springframework.boot.autoconfigure.orm.jpa.HibernateJpaAutoConfiguration
org.springframework.boot.autoconfigure.orm.jpa.HibernateJpaConfiguration
org.springframework.boot.autoconfigure.orm.jpa.JpaBaseConfiguration$JpaWebConfiguration
org.springframework.boot.autoconfigure.orm.jpa.JpaBaseConfiguration$JpaWebConfiguration$JpaWebMvcConfiguration
org.springframework.boot.autoconfigure.security.servlet.SecurityAutoConfiguration
org.springframework.boot.autoconfigure.security.servlet.SecurityFilterAutoConfiguration
org.springframework.boot.autoconfigure.security.servlet.SecurityRequestMatcherProviderAutoConfiguration
org.springframework.boot.autoconfigure.security.servlet.SecurityRequestMatcherProviderAutoConfiguration$MvcRequestMatcherConfiguration
org.springframework.boot.autoconfigure.task.TaskExecutionAutoConfiguration
org.springframework.boot.autoconfigure.task.TaskSchedulingAutoConfiguration
org.springframework.boot.autoconfigure.thymeleaf.ThymeleafAutoConfiguration
org.springframework.boot.autoconfigure.thymeleaf.ThymeleafAutoConfiguration$DefaultTemplateResolverConfiguration
org.springframework.boot.autoconfigure.thymeleaf.ThymeleafAutoConfiguration$ThymeleafDefaultConfiguration
org.springframework.boot.autoconfigure.thymeleaf.ThymeleafAutoConfiguration$ThymeleafJava8TimeDialect
org.springframework.boot.autoconfigure.thymeleaf.ThymeleafAutoConfiguration$ThymeleafWebMvcConfiguration
org.springframework.boot.autoconfigure.thymeleaf.ThymeleafAutoConfiguration$ThymeleafWebMvcConfiguration$ThymeleafViewResolverConfiguration
org.springframework.boot.autoconfigure.transaction.TransactionAutoConfiguration
org.springframework.boot.autoconfigure.transaction.TransactionAutoConfiguration$EnableTransactionManagementConfiguration
org.springframework.boot.autoconfigure.transaction.TransactionAutoConfiguration$EnableTransactionManagementConfiguration$CglibAutoProxyConfiguration
org.springframework.boot.autoconfigure.transaction.TransactionAutoConfiguration$TransactionTemplateConfiguration
org.springframework.boot.autoconfigure.transaction.jta.JtaAutoConfiguration
org.springframework.boot.autoconfigure.validation.ValidationAutoConfiguration
org.springframework.boot.autoconfigure.web.client.RestTemplateAutoConfiguration
org.springframework.boot.autoconfigure.web.embedded.EmbeddedWebServerFactoryCustomizerAutoConfiguration
org.springframework.boot.autoconfigure.web.embedded.EmbeddedWebServerFactoryCustomizerAutoConfiguration$TomcatWebServerFactoryCustomizerConfiguration
org.springframework.boot.autoconfigure.web.servlet.DispatcherServletAutoConfiguration
org.springframework.boot.autoconfigure.web.servlet.DispatcherServletAutoConfiguration$DispatcherServletConfiguration
org.springframework.boot.autoconfigure.web.servlet.DispatcherServletAutoConfiguration$DispatcherServletRegistrationConfiguration
org.springframework.boot.autoconfigure.web.servlet.HttpEncodingAutoConfiguration
org.springframework.boot.autoconfigure.web.servlet.MultipartAutoConfiguration
org.springframework.boot.autoconfigure.web.servlet.ServletWebServerFactoryAutoConfiguration
org.springframework.boot.autoconfigure.web.servlet.ServletWebServerFactoryConfiguration$EmbeddedTomcat
org.springframework.boot.autoconfigure.web.servlet.WebMvcAutoConfiguration
org.springframework.boot.autoconfigure.web.servlet.WebMvcAutoConfiguration$EnableWebMvcConfiguration
org.springframework.boot.autoconfigure.web.servlet.WebMvcAutoConfiguration$WebMvcAutoConfigurationAdapter
org.springframework.boot.autoconfigure.web.servlet.WebMvcAutoConfiguration$WebMvcAutoConfigurationAdapter$FaviconConfiguration
org.springframework.boot.autoconfigure.web.servlet.error.ErrorMvcAutoConfiguration
org.springframework.boot.autoconfigure.web.servlet.error.ErrorMvcAutoConfiguration$DefaultErrorViewResolverConfiguration
org.springframework.boot.autoconfigure.web.servlet.error.ErrorMvcAutoConfiguration$WhitelabelErrorViewConfiguration
org.springframework.boot.autoconfigure.websocket.servlet.WebSocketServletAutoConfiguration
org.springframework.boot.autoconfigure.websocket.servlet.WebSocketServletAutoConfiguration$TomcatWebSocketConfiguration
org.springframework.boot.context.properties.ConfigurationBeanFactoryMetadata
org.springframework.boot.context.properties.ConfigurationPropertiesBindingPostProcessor
org.springframework.boot.test.autoconfigure.web.servlet.MockMvcAutoConfiguration
org.springframework.boot.test.autoconfigure.web.servlet.MockMvcSecurityAutoConfiguration
org.springframework.boot.test.context.ImportsContextCustomizer$ImportsCleanupPostProcessor
org.springframework.boot.test.mock.mockito.MockitoPostProcessor
org.springframework.boot.test.mock.mockito.MockitoPostProcessor$SpyPostProcessor
org.springframework.context.annotation.internalAutowiredAnnotationProcessor
org.springframework.context.annotation.internalCommonAnnotationProcessor
org.springframework.context.annotation.internalConfigurationAnnotationProcessor
org.springframework.context.annotation.internalPersistenceAnnotationProcessor
org.springframework.context.event.internalEventListenerFactory
org.springframework.context.event.internalEventListenerProcessor
org.springframework.data.jpa.repository.support.JpaEvaluationContextExtension
org.springframework.data.jpa.util.JpaMetamodelCacheCleanup
org.springframework.data.web.config.ProjectingArgumentResolverRegistrar
org.springframework.data.web.config.SpringDataJacksonConfiguration
org.springframework.data.web.config.SpringDataWebConfiguration
org.springframework.orm.jpa.SharedEntityManagerCreator#0
org.springframework.security.config.annotation.authentication.configuration.AuthenticationConfiguration
org.springframework.security.config.annotation.configuration.ObjectPostProcessorConfiguration
org.springframework.security.config.annotation.web.configuration.WebMvcSecurityConfiguration
org.springframework.security.config.annotation.web.configuration.WebSecurityConfiguration
org.springframework.transaction.annotation.ProxyTransactionManagementConfiguration
org.springframework.transaction.config.internalTransactionAdvisor
org.springframework.transaction.config.internalTransactionalEventListenerFactory
pageableCustomizer
pageableResolver
parameterBuilderPluginRegistry
parameterDataTypeReader
parameterDefaultReader
parameterMapperImpl
parameterMultiplesReader
parameterNameReader
parameterNamesModule
parameterRequiredReader
parameterTypeReader
pathDecoratorRegistry
pathMappedEndpoints
pathMappingDecorator
pathSanitizer
persistenceExceptionTranslationPostProcessor
platformTransactionManagerCustomizers
preserveErrorControllerTargetClassPostProcessor
privilegeEvaluator
processorMetrics
projectingArgumentResolverBeanPostProcessor
propertiesMeterFilter
propertyDiscriminatorBasedInheritancePlugin
propertySourcesPlaceholderConfigurer
queryStringUriTemplateDecorator
registrationController
requestContextFilter
requestDataValueProcessor
requestMappingHandlerAdapter
requestMappingHandlerMapping
requestMatcherProvider
resourceGroupCache
resourceGroupingStrategyRegistry
resourceHandlerMapping
responseMessagesReader
restTemplateBuilder
restTemplateTagConfigurer
scheduledTasksEndpoint
schemaPluginsManager
securityConfig
securityFilterChainRegistration
securityMapperImpl
server-org.springframework.boot.autoconfigure.web.ServerProperties
serviceModelToSwagger2MapperImpl
servletEndpointDiscoverer
servletEndpointRegistrar
servletExposeExcludePropertyEndpointFilter
servletMappingDescriptionProvider
servletWebChildContextFactory
servletWebServerFactoryCustomizer
shutdownEndpoint
simpleConfig
simpleControllerHandlerAdapter
simpleMeterRegistry
sortCustomizer
sortResolver
spring.data.web-org.springframework.boot.autoconfigure.data.web.SpringDataWebProperties
spring.datasource-org.springframework.boot.autoconfigure.jdbc.DataSourceProperties
spring.h2.console-org.springframework.boot.autoconfigure.h2.H2ConsoleProperties
spring.http-org.springframework.boot.autoconfigure.http.HttpProperties
spring.info-org.springframework.boot.autoconfigure.info.ProjectInfoProperties
spring.jackson-org.springframework.boot.autoconfigure.jackson.JacksonProperties
spring.jdbc-org.springframework.boot.autoconfigure.jdbc.JdbcProperties
spring.jpa-org.springframework.boot.autoconfigure.orm.jpa.JpaProperties
spring.jpa.hibernate-org.springframework.boot.autoconfigure.orm.jpa.HibernateProperties
spring.mvc-org.springframework.boot.autoconfigure.web.servlet.WebMvcProperties
spring.resources-org.springframework.boot.autoconfigure.web.ResourceProperties
spring.security-org.springframework.boot.autoconfigure.security.SecurityProperties
spring.servlet.multipart-org.springframework.boot.autoconfigure.web.servlet.MultipartProperties
spring.task.execution-org.springframework.boot.autoconfigure.task.TaskExecutionProperties
spring.task.scheduling-org.springframework.boot.autoconfigure.task.TaskSchedulingProperties
spring.thymeleaf-org.springframework.boot.autoconfigure.thymeleaf.ThymeleafProperties
spring.transaction-org.springframework.boot.autoconfigure.transaction.TransactionProperties
springBootMockMvcBuilderCustomizer
springSecurityFilterChain
springfox.documentation.schema.configuration.ModelsConfiguration
springfox.documentation.spring.web.SpringfoxWebMvcConfiguration
springfox.documentation.swagger.configuration.SwaggerCommonConfiguration
springfox.documentation.swagger2.configuration.Swagger2DocumentationConfiguration
standardJacksonObjectMapperBuilderCustomizer
stringHttpMessageConverter
swagger2ControllerMapping
swagger2Module
swaggerApiListingReader
swaggerConfig
swaggerExpandedParameterBuilder
swaggerMediaTypeReader
swaggerOperationModelsProvider
swaggerOperationResponseClassReader
swaggerOperationTagsReader
swaggerParameterDescriptionReader
swaggerResponseMessageReader
syntheticModelProviderPluginRegistry
tacoBellExceptionHandler
tacoRepository
taskExecutorBuilder
taskSchedulerBuilder
templateEngine
thymeleafViewResolver
tomcatMetricsBinder
tomcatServletWebServerFactory
tomcatServletWebServerFactoryCustomizer
tomcatWebServerFactoryCustomizer
traceRepository
transactionAttributeSource
transactionInterceptor
transactionManager
transactionTemplate
typeNameExtractor
typeNameProviderPluginRegistry
typeResolver
uptimeMetrics
userController
userRepository
userRepositoryUserDetailsService
vendorExtensionsMapperImpl
vendorExtensionsReader
viewControllerHandlerMapping
viewResolver
webConfig
webEndpointDiscoverer
webEndpointPathMapper
webEndpointServletHandlerMapping
webExposeExcludePropertyEndpointFilter
webMvcMetricsFilter
webMvcRequestHandlerProvider
webMvcTagsProvider
webSecurityExpressionHandler
webServerFactoryCustomizerBeanPostProcessor
websocketServletWebServerCustomizer
welcomePageHandlerMapping
xmlModelPlugin
xmlPropertyPlugin
Hibernate: select ingredient0_.id as id1_0_0_, ingredient0_.name as name2_0_0_, ingredient0_.type as type3_0_0_ from ingredient ingredient0_ where ingredient0_.id=?
Hibernate: insert into ingredient (name, type, id) values (?, ?, ?)
Hibernate: select ingredient0_.id as id1_0_0_, ingredient0_.name as name2_0_0_, ingredient0_.type as type3_0_0_ from ingredient ingredient0_ where ingredient0_.id=?
Hibernate: insert into ingredient (name, type, id) values (?, ?, ?)
Hibernate: select ingredient0_.id as id1_0_0_, ingredient0_.name as name2_0_0_, ingredient0_.type as type3_0_0_ from ingredient ingredient0_ where ingredient0_.id=?
Hibernate: insert into ingredient (name, type, id) values (?, ?, ?)
Hibernate: select ingredient0_.id as id1_0_0_, ingredient0_.name as name2_0_0_, ingredient0_.type as type3_0_0_ from ingredient ingredient0_ where ingredient0_.id=?
Hibernate: insert into ingredient (name, type, id) values (?, ?, ?)
Hibernate: select ingredient0_.id as id1_0_0_, ingredient0_.name as name2_0_0_, ingredient0_.type as type3_0_0_ from ingredient ingredient0_ where ingredient0_.id=?
Hibernate: insert into ingredient (name, type, id) values (?, ?, ?)
Hibernate: select ingredient0_.id as id1_0_0_, ingredient0_.name as name2_0_0_, ingredient0_.type as type3_0_0_ from ingredient ingredient0_ where ingredient0_.id=?
Hibernate: insert into ingredient (name, type, id) values (?, ?, ?)
Hibernate: select ingredient0_.id as id1_0_0_, ingredient0_.name as name2_0_0_, ingredient0_.type as type3_0_0_ from ingredient ingredient0_ where ingredient0_.id=?
Hibernate: insert into ingredient (name, type, id) values (?, ?, ?)
Hibernate: select ingredient0_.id as id1_0_0_, ingredient0_.name as name2_0_0_, ingredient0_.type as type3_0_0_ from ingredient ingredient0_ where ingredient0_.id=?
Hibernate: insert into ingredient (name, type, id) values (?, ?, ?)
Hibernate: select ingredient0_.id as id1_0_0_, ingredient0_.name as name2_0_0_, ingredient0_.type as type3_0_0_ from ingredient ingredient0_ where ingredient0_.id=?
Hibernate: insert into ingredient (name, type, id) values (?, ?, ?)
Hibernate: select ingredient0_.id as id1_0_0_, ingredient0_.name as name2_0_0_, ingredient0_.type as type3_0_0_ from ingredient ingredient0_ where ingredient0_.id=?
Hibernate: insert into ingredient (name, type, id) values (?, ?, ?)
]]></system-out>
  <system-err><![CDATA[]]></system-err>
</testsuite>
